<?xml version="1.0" encoding="UTF-8"?>
<!-- Generated by org.testng.reporters.JUnitReportReporter -->
<testsuite skipped="0" hostname="ujkumari" name="com.training.sanity.tests.LogoutTests2" tests="1" failures="0" timestamp="07 Mar 2019 04:08:19 GMT" time="23.465" errors="0">
  <testcase name="validLogoutTest" time="23.465" classname="com.training.sanity.tests.LogoutTests2"/>
</testsuite> <!-- com.training.sanity.tests.LogoutTests2 -->
