<?xml version="1.0" encoding="UTF-8"?>
<!-- Generated by org.testng.reporters.JUnitReportReporter -->
<testsuite skipped="0" hostname="ujkumari" name="com.training.sanity.tests.SubcriptionTests" tests="1" failures="0" timestamp="06 Mar 2019 08:46:00 GMT" time="17.068" errors="0">
  <testcase name="subcriptionTest" time="17.068" classname="com.training.sanity.tests.SubcriptionTests"/>
</testsuite> <!-- com.training.sanity.tests.SubcriptionTests -->
