<?xml version="1.0" encoding="UTF-8"?>
<!-- Generated by org.testng.reporters.JUnitReportReporter -->
<testsuite skipped="0" hostname="ujkumari" name="com.training.sanity.tests.ELTC_075Test" tests="3" failures="0" timestamp="25 Mar 2019 06:00:02 GMT" time="111.861" errors="0">
  <testcase name="loginDBTest" time="41.373" classname="com.training.sanity.tests.ELTC_075Test"/>
  <testcase name="loginDBTest" time="35.376" classname="com.training.sanity.tests.ELTC_075Test"/>
  <testcase name="loginDBTest" time="35.112" classname="com.training.sanity.tests.ELTC_075Test"/>
</testsuite> <!-- com.training.sanity.tests.ELTC_075Test -->
