<?xml version="1.0" encoding="UTF-8"?>
<!-- Generated by org.testng.reporters.JUnitReportReporter -->
<testsuite skipped="0" hostname="ujkumari" name="com.training.sanity.tests.CourceDescriptionTests" tests="1" failures="0" timestamp="07 Mar 2019 11:17:47 GMT" time="20.744" errors="0">
  <testcase name="courseDescriptionTest" time="20.744" classname="com.training.sanity.tests.CourceDescriptionTests"/>
</testsuite> <!-- com.training.sanity.tests.CourceDescriptionTests -->
