<?xml version="1.0" encoding="UTF-8"?>
<!-- Generated by org.testng.reporters.JUnitReportReporter -->
<testsuite skipped="0" hostname="ujkumari" name="com.training.sanity.tests.AuthTest_ELTC_041" tests="1" failures="0" timestamp="19 Mar 2019 07:14:31 GMT" time="54.933" errors="0">
  <testcase name="AuthoredTest" time="54.933" classname="com.training.sanity.tests.AuthTest_ELTC_041"/>
</testsuite> <!-- com.training.sanity.tests.AuthTest_ELTC_041 -->
