<?xml version="1.0" encoding="UTF-8"?>
<!-- Generated by org.testng.reporters.JUnitReportReporter -->
<testsuite skipped="0" hostname="ujkumari" name="com.training.sanity.tests.EditProfileTests" tests="1" failures="0" timestamp="07 Mar 2019 11:16:53 GMT" time="20.334" errors="0">
  <testcase name="editProfileTest" time="20.334" classname="com.training.sanity.tests.EditProfileTests"/>
</testsuite> <!-- com.training.sanity.tests.EditProfileTests -->
