<?xml version="1.0" encoding="UTF-8"?>
<!-- Generated by org.testng.reporters.JUnitReportReporter -->
<testsuite skipped="0" hostname="ujkumari" name="com.training.sanity.tests.LostPassTests_ELTC_012" tests="1" failures="0" timestamp="12 Mar 2019 07:49:20 GMT" time="20.634" errors="0">
  <testcase name="lostPassTest" time="20.634" classname="com.training.sanity.tests.LostPassTests_ELTC_012"/>
</testsuite> <!-- com.training.sanity.tests.LostPassTests_ELTC_012 -->
