<?xml version="1.0" encoding="UTF-8"?>
<!-- Generated by org.testng.reporters.JUnitReportReporter -->
<testsuite skipped="0" hostname="ujkumari" name="com.training.sanity.tests.LogoutTests" tests="1" failures="0" timestamp="11 Mar 2019 12:19:56 GMT" time="27.538" errors="0">
  <testcase name="logoutTest" time="27.538" classname="com.training.sanity.tests.LogoutTests"/>
</testsuite> <!-- com.training.sanity.tests.LogoutTests -->
