<?xml version="1.0" encoding="UTF-8"?>
<!-- Generated by org.testng.reporters.JUnitReportReporter -->
<testsuite skipped="0" hostname="ujkumari" name="com.training.sanity.tests.LogoutTests_ELTC_015" tests="1" failures="0" timestamp="13 Mar 2019 10:37:35 GMT" time="36.541" errors="0">
  <testcase name="logoutTest" time="36.541" classname="com.training.sanity.tests.LogoutTests_ELTC_015"/>
</testsuite> <!-- com.training.sanity.tests.LogoutTests_ELTC_015 -->
