<?xml version="1.0" encoding="UTF-8"?>
<!-- Generated by org.testng.reporters.JUnitReportReporter -->
<testsuite skipped="0" hostname="ujkumari" name="com.training.sanity.tests.CourceDescriptionTests_ELTC_014" tests="1" failures="0" timestamp="12 Mar 2019 08:20:31 GMT" time="20.646" errors="0">
  <testcase name="courseDescriptionTest" time="20.646" classname="com.training.sanity.tests.CourceDescriptionTests_ELTC_014"/>
</testsuite> <!-- com.training.sanity.tests.CourceDescriptionTests_ELTC_014 -->
