<?xml version="1.0" encoding="UTF-8"?>
<!-- Generated by org.testng.reporters.JUnitReportReporter -->
<testsuite skipped="0" hostname="ujkumari" name="com.training.sanity.tests.AssesmntTest_ELTC_42" tests="1" failures="0" timestamp="20 Mar 2019 07:49:02 GMT" time="54.787" errors="0">
  <testcase name="AssessmentTest" time="54.787" classname="com.training.sanity.tests.AssesmntTest_ELTC_42"/>
</testsuite> <!-- com.training.sanity.tests.AssesmntTest_ELTC_42 -->
