<?xml version="1.0" encoding="UTF-8"?>
<!-- Generated by org.testng.reporters.JUnitReportReporter -->
<testsuite skipped="0" hostname="ujkumari" name="com.training.sanity.tests.EditProfileTests_ELTC_011" tests="1" failures="0" timestamp="14 Mar 2019 04:39:46 GMT" time="20.859" errors="0">
  <testcase name="editProfileTest" time="20.859" classname="com.training.sanity.tests.EditProfileTests_ELTC_011"/>
</testsuite> <!-- com.training.sanity.tests.EditProfileTests_ELTC_011 -->
