<?xml version="1.0" encoding="UTF-8"?>
<!-- Generated by org.testng.reporters.JUnitReportReporter -->
<testsuite skipped="0" hostname="ujkumari" name="com.training.sanity.tests.LostPassTests" tests="1" failures="0" timestamp="11 Mar 2019 13:45:21 GMT" time="34.569" errors="0">
  <testcase name="lostPassTest" time="34.569" classname="com.training.sanity.tests.LostPassTests"/>
</testsuite> <!-- com.training.sanity.tests.LostPassTests -->
